<?xml version="1.0" encoding="UTF-8"?>
<testng-results total="2" passed="2" failed="0" skipped="0">
  <reporter-output>
  </reporter-output>
  <suite started-at="2022-01-19T08:03:43Z" name="Suite1" finished-at="2022-01-19T08:06:02Z" duration-ms="139213">
    <groups>
    </groups>
    <test started-at="2022-01-19T08:03:43Z" name="PhpTest" finished-at="2022-01-19T08:06:02Z" duration-ms="139213">
      <class name="functionality.Registration">
        <test-method signature="resgistration()[pri:0, instance:functionality.Registration@45b4c3a9]" started-at="2022-01-19T13:33:43Z" name="resgistration" finished-at="2022-01-19T13:35:02Z" duration-ms="79349" status="PASS">
          <reporter-output>
          </reporter-output>
        </test-method> <!-- resgistration -->
      </class> <!-- functionality.Registration -->
      <class name="functionality.Login">
        <test-method signature="login()[pri:0, instance:functionality.Login@5b94b04d]" started-at="2022-01-19T13:35:02Z" name="login" finished-at="2022-01-19T13:36:02Z" duration-ms="59837" status="PASS">
          <reporter-output>
          </reporter-output>
        </test-method> <!-- login -->
      </class> <!-- functionality.Login -->
    </test> <!-- PhpTest -->
  </suite> <!-- Suite1 -->
</testng-results>
